An unexpected error has occurred.
To resolve this issue, contact <a href="https://www.mathworks.com/pi_gene_mci_glnxa64">Technical Support</a>.

--------------------------------------------------------------------------------
          Segmentation violation detected at 2025-08-11 00:43:25 -0400
--------------------------------------------------------------------------------

Configuration:
  Crash Decoding           : Disabled - No sandbox or build area path
  Crash Mode               : continue (default)
  Default Encoding         : UTF-8
  Deployed                 : false
  GNU C Library            : 2.28 stable
  Graphics Driver          : Uninitialized software 
  Graphics card 1          : 0x102b ( 0x102b ) 0x536 Version 0.0.0.0 (0-0-0)
  MATLAB Architecture      : glnxa64
  MATLAB Entitlement ID    : 3164371
  MATLAB Root              : /gpfs/sharedfs1/admin/hpc2.0/apps/matlab/R2024b
  MATLAB Version           : 24.2.0.2740171 (R2024b) Update 1
  OpenGL                   : software
  Operating System         : "Red Hat Enterprise Linux release 8.10 (Ootpa)"
  Process ID               : 1574039
  Processor ID             : x86 Family 23 Model 49 Stepping 0, AuthenticAMD
  Session Key              : c7135c6a-ea5f-4260-9f34-23fad1ccd021
  Window System            : No active display

Fault Count: 1


Abnormal termination:
Segmentation violation

Current Thread: 'GTP_3' id 140339599898368

Register State (from fault):
  RAX = 0000000000000000  RBX = 00007fa18c016a20
  RCX = 0000000000000004  RDX = 0000000000000000
  RSP = 00007fa35bffd530  RBP = 00007fa35c059668
  RSI = 00007fa35c0008d0  RDI = 00007fa35bffd3f0

   R8 = 00007fa35c009000   R9 = 00007fa35c0008d0
  R10 = 0000000000000000  R11 = 0000000000000003
  R12 = 00007fa35c059630  R13 = 00007fa35bffd550
  R14 = 00007fa35bffd570  R15 = 00007fa18c016a60

  RIP = 00007fa54d925ef2  EFL = 0000000000010206

   CS = 0033   FS = 0000   GS = 0000

Stack Trace (from fault):
[  0] 0x00007fa54d925ef2 /gpfs/sharedfs1/admin/hpc2.0/apps/matlab/R2024b/bin/glnxa64/libDeclarativeServices.so.1.5.9+00229106
[  1] 0x00007fa54d997910 /gpfs/sharedfs1/admin/hpc2.0/apps/matlab/R2024b/bin/glnxa64/libDeclarativeServices.so.1.5.9+00694544
[  2] 0x00007fa54d99dfd7 /gpfs/sharedfs1/admin/hpc2.0/apps/matlab/R2024b/bin/glnxa64/libDeclarativeServices.so.1.5.9+00720855
[  3] 0x00007fa54d96f0c2 /gpfs/sharedfs1/admin/hpc2.0/apps/matlab/R2024b/bin/glnxa64/libDeclarativeServices.so.1.5.9+00528578
[  4] 0x00007fa54d98b7b9 /gpfs/sharedfs1/admin/hpc2.0/apps/matlab/R2024b/bin/glnxa64/libDeclarativeServices.so.1.5.9+00645049
[  5] 0x00007fa54d9993a5 /gpfs/sharedfs1/admin/hpc2.0/apps/matlab/R2024b/bin/glnxa64/libDeclarativeServices.so.1.5.9+00701349
[  6] 0x00007fa54d99003a /gpfs/sharedfs1/admin/hpc2.0/apps/matlab/R2024b/bin/glnxa64/libDeclarativeServices.so.1.5.9+00663610
[  7] 0x00007fa54d992472 /gpfs/sharedfs1/admin/hpc2.0/apps/matlab/R2024b/bin/glnxa64/libDeclarativeServices.so.1.5.9+00672882
[  8] 0x00007fa573902233 /gpfs/sharedfs1/admin/hpc2.0/apps/matlab/R2024b/bin/glnxa64/libCppMicroServices.so.3.8.3+00463411
[  9] 0x00007fa5739022d1 /gpfs/sharedfs1/admin/hpc2.0/apps/matlab/R2024b/bin/glnxa64/libCppMicroServices.so.3.8.3+00463569
[ 10] 0x00007fa573912542 /gpfs/sharedfs1/admin/hpc2.0/apps/matlab/R2024b/bin/glnxa64/libCppMicroServices.so.3.8.3+00529730 _ZN16cppmicroservices23ServiceRegistrationBase10UnregisterEv+00000530
[ 11] 0x00007fa54d99555d /gpfs/sharedfs1/admin/hpc2.0/apps/matlab/R2024b/bin/glnxa64/libDeclarativeServices.so.1.5.9+00685405
[ 12] 0x00007fa54d9a15ee /gpfs/sharedfs1/admin/hpc2.0/apps/matlab/R2024b/bin/glnxa64/libDeclarativeServices.so.1.5.9+00734702
[ 13] 0x00007fa54d983359 /gpfs/sharedfs1/admin/hpc2.0/apps/matlab/R2024b/bin/glnxa64/libDeclarativeServices.so.1.5.9+00611161
[ 14] 0x00007fa573680b07                             /lib64/libpthread.so.0+00064263
[ 15] 0x00007fa54d9a1c4e /gpfs/sharedfs1/admin/hpc2.0/apps/matlab/R2024b/bin/glnxa64/libDeclarativeServices.so.1.5.9+00736334
[ 16] 0x00007fa54d96ee80 /gpfs/sharedfs1/admin/hpc2.0/apps/matlab/R2024b/bin/glnxa64/libDeclarativeServices.so.1.5.9+00528000
[ 17] 0x00007fa54d98b7b9 /gpfs/sharedfs1/admin/hpc2.0/apps/matlab/R2024b/bin/glnxa64/libDeclarativeServices.so.1.5.9+00645049
[ 18] 0x00007fa54d999878 /gpfs/sharedfs1/admin/hpc2.0/apps/matlab/R2024b/bin/glnxa64/libDeclarativeServices.so.1.5.9+00702584
[ 19] 0x00007fa54d99003a /gpfs/sharedfs1/admin/hpc2.0/apps/matlab/R2024b/bin/glnxa64/libDeclarativeServices.so.1.5.9+00663610
[ 20] 0x00007fa54d992472 /gpfs/sharedfs1/admin/hpc2.0/apps/matlab/R2024b/bin/glnxa64/libDeclarativeServices.so.1.5.9+00672882
[ 21] 0x00007fa573902233 /gpfs/sharedfs1/admin/hpc2.0/apps/matlab/R2024b/bin/glnxa64/libCppMicroServices.so.3.8.3+00463411
[ 22] 0x00007fa5739022d1 /gpfs/sharedfs1/admin/hpc2.0/apps/matlab/R2024b/bin/glnxa64/libCppMicroServices.so.3.8.3+00463569
[ 23] 0x00007fa573912542 /gpfs/sharedfs1/admin/hpc2.0/apps/matlab/R2024b/bin/glnxa64/libCppMicroServices.so.3.8.3+00529730 _ZN16cppmicroservices23ServiceRegistrationBase10UnregisterEv+00000530
[ 24] 0x00007fa5002c39d8 /gpfs/sharedfs1/admin/hpc2.0/apps/matlab/R2024b/bin/glnxa64/spf/framework/agent/spf/framework/libmwagentspfframework.so+00571864
[ 25] 0x00007fa5002c4842 /gpfs/sharedfs1/admin/hpc2.0/apps/matlab/R2024b/bin/glnxa64/spf/framework/agent/spf/framework/libmwagentspfframework.so+00575554
[ 26] 0x00007fa500290975 /gpfs/sharedfs1/admin/hpc2.0/apps/matlab/R2024b/bin/glnxa64/spf/framework/agent/spf/framework/libmwagentspfframework.so+00362869
[ 27] 0x00007fa5735288c3 /gpfs/sharedfs1/admin/hpc2.0/apps/matlab/R2024b/bin/glnxa64/../../sys/os/glnxa64/libstdc++.so.6+00903363
[ 28] 0x00007fa5736791ca                             /lib64/libpthread.so.0+00033226
[ 29] 0x00007fa57308d8d3                                   /lib64/libc.so.6+00235731 clone+00000067

** This crash report has been saved to disk as /home/kes20012/matlab_crash_dump.1574039-1 **



MATLAB is exiting because of fatal error
/var/spool/slurm/job18916963/slurm_script: line 18: 1574039 Killed                  matlab -nojvm -nodisplay -nosplash -singleCompThread -r "prepareResponseVariable('ci',$SLURM_ARRAY_TASK_ID, 'cn',$SLURM_ARRAY_TASK_MAX');exit"
