
------------------------------------------------------------------------
       Segmentation violation detected at Sun Sep 21 22:33:24 2025
------------------------------------------------------------------------
Architecture     : glnxa64
Processor ID     : AMD EPYC 7H12 64-Core Processor
Host Name        : cn493.storrs.hpc.uconn.edu
Locale           : en_US


Abnormal termination:
Segmentation violation

Current Thread: 'FTP_2_2' id 140646555842304

Register State (from fault):
  RAX = 6b726f576874614d  RBX = 00007febc0431ed0
  RCX = 0000000000000006  RDX = 00007feabc0018f0
  RSP = 00007fead3ffe2f0  RBP = 00007fead3ffe470
  RSI = 00007fec79f8c870  RDI = 00007fead3ffe360

   R8 = 0000000000000000   R9 = cf0f6bf8ad247e5d
  R10 = 0000000000000000  R11 = 0000000000000007
  R12 = 00007fead3ffe360  R13 = 00007feb94055b80
  R14 = 00007febc041f520  R15 = 00007fead3ffe320

  RIP = 00007fec79fadc6a  EFL = 0000000000010202

   CS = 0033   FS = 0000   GS = 0000

Stack Trace (from fault):
[  0] 0x00007fec79fadc6a /home/kes20012/.MathWorks/ServiceHost/-mw_shared_installs/v2024.9.0.2/bin/glnxa64/spf/serviceproviders/login/spf/matlabloginserviceprovider/libmwmatlabloginserviceprovider.so+00404586
[  1] 0x00007fec682394c7 /home/kes20012/.MathWorks/ServiceHost/-mw_shared_installs/v2024.9.0.2/bin/glnxa64/spf/servicepublishers/agent/spf/legacyservicepublisher/../../../../../../../bin/glnxa64/libmwagentspflegacyservicewrapper.so+00189639
[  2] 0x00007fec69c1e07b /home/kes20012/.MathWorks/ServiceHost/-mw_shared_installs/v2024.9.0.2/bin/glnxa64/mathworksservicehost/rcf/matlabconnector/serviceprocess/rcf/client-v1/../../../../../../../../bin/glnxa64/libmwagentspfcore.so+00106619 _ZNK5agent3spf4core16ExportedFunctionclEN10foundation10concurrent10threadpool10stop_tokenEONS1_14GenericPayloadE+00000347
[  3] 0x00007fec6822ab26 /home/kes20012/.MathWorks/ServiceHost/-mw_shared_installs/v2024.9.0.2/bin/glnxa64/spf/servicepublishers/agent/spf/legacyservicepublisher/../../../../../../../bin/glnxa64/libmwagentspflegacyservicewrapper.so+00129830
[  4] 0x00007fec6822abb1 /home/kes20012/.MathWorks/ServiceHost/-mw_shared_installs/v2024.9.0.2/bin/glnxa64/spf/servicepublishers/agent/spf/legacyservicepublisher/../../../../../../../bin/glnxa64/libmwagentspflegacyservicewrapper.so+00129969
[  5] 0x00007fec6818e0b0 /home/kes20012/.MathWorks/ServiceHost/-mw_shared_installs/v2024.9.0.2/bin/glnxa64/spf/servicepublishers/agent/spf/legacyservicepublisher/../../../../../../../bin/glnxa64/libmwagentnanomsgtransport.so+00082096
[  6] 0x00007fec8b3d9334 /home/kes20012/.MathWorks/ServiceHost/-mw_shared_installs/v2024.9.0.2/bin/glnxa64/libmwfoundation_threadpool.so+00148276
[  7] 0x00007fec8b3de308 /home/kes20012/.MathWorks/ServiceHost/-mw_shared_installs/v2024.9.0.2/bin/glnxa64/libmwfoundation_threadpool.so+00168712
[  8] 0x00007fec8b3de744 /home/kes20012/.MathWorks/ServiceHost/-mw_shared_installs/v2024.9.0.2/bin/glnxa64/libmwfoundation_threadpool.so+00169796
[  9] 0x00007fec8bf848c3 /home/kes20012/.MathWorks/ServiceHost/-mw_shared_installs/v2024.9.0.2/bin/glnxa64/../../sys/os/glnxa64/libstdc++.so.6+00903363
[ 10] 0x00007fec8c0d71ca                             /lib64/libpthread.so.0+00033226
[ 11] 0x00007fec8bae98d3                                   /lib64/libc.so.6+00235731 clone+00000067


** This crash report has been written to /home/kes20012/.MathWorks/ServiceHost/cn493/logs/MathWorksServiceHost_crash_3028194.log **

------------------------------------------------------------------------
       Segmentation violation detected at Sun Sep 21 22:34:28 2025
------------------------------------------------------------------------
Architecture     : glnxa64
Processor ID     : AMD EPYC 7H12 64-Core Processor
Host Name        : cn493.storrs.hpc.uconn.edu
Locale           : en_US


Abnormal termination:
Segmentation violation

Current Thread: 'FTP_2_0' id 140340807857920

Register State (from fault):
  RAX = 000000000000001a  RBX = 00007fa46825f640
  RCX = 0000000000000006  RDX = 00007fa38c003f00
  RSP = 00007fa3a3ffe2f0  RBP = 00007fa3a3ffe470
  RSI = 00007fa523ba1870  RDI = 00007fa3a3ffe360

   R8 = 0000000000000000   R9 = cf0f6bf8ad247e5d
  R10 = 00007fa46805b1d8  R11 = 0000000000000007
  R12 = 00007fa3a3ffe360  R13 = 00007fa38c003a50
  R14 = 00007fa46843ae70  R15 = 00007fa3a3ffe320

  RIP = 00007fa523bc2c6a  EFL = 0000000000010202

   CS = 0033   FS = 0000   GS = 0000

Stack Trace (from fault):
[  0] 0x00007fa523bc2c6a /home/kes20012/.MathWorks/ServiceHost/-mw_shared_installs/v2024.9.0.2/bin/glnxa64/spf/serviceproviders/login/spf/matlabloginserviceprovider/libmwmatlabloginserviceprovider.so+00404586
[  1] 0x00007fa501e4d4c7 /home/kes20012/.MathWorks/ServiceHost/-mw_shared_installs/v2024.9.0.2/bin/glnxa64/spf/servicepublishers/agent/spf/legacyservicepublisher/../../../../../../../bin/glnxa64/libmwagentspflegacyservicewrapper.so+00189639
[  2] 0x00007fa50383207b /home/kes20012/.MathWorks/ServiceHost/-mw_shared_installs/v2024.9.0.2/bin/glnxa64/mathworksservicehost/rcf/matlabconnector/serviceprocess/rcf/client-v1/../../../../../../../../bin/glnxa64/libmwagentspfcore.so+00106619 _ZNK5agent3spf4core16ExportedFunctionclEN10foundation10concurrent10threadpool10stop_tokenEONS1_14GenericPayloadE+00000347
[  3] 0x00007fa501e3eb26 /home/kes20012/.MathWorks/ServiceHost/-mw_shared_installs/v2024.9.0.2/bin/glnxa64/spf/servicepublishers/agent/spf/legacyservicepublisher/../../../../../../../bin/glnxa64/libmwagentspflegacyservicewrapper.so+00129830
[  4] 0x00007fa501e3ebb1 /home/kes20012/.MathWorks/ServiceHost/-mw_shared_installs/v2024.9.0.2/bin/glnxa64/spf/servicepublishers/agent/spf/legacyservicepublisher/../../../../../../../bin/glnxa64/libmwagentspflegacyservicewrapper.so+00129969
[  5] 0x00007fa501da20b0 /home/kes20012/.MathWorks/ServiceHost/-mw_shared_installs/v2024.9.0.2/bin/glnxa64/spf/servicepublishers/agent/spf/legacyservicepublisher/../../../../../../../bin/glnxa64/libmwagentnanomsgtransport.so+00082096
[  6] 0x00007fa534fee334 /home/kes20012/.MathWorks/ServiceHost/-mw_shared_installs/v2024.9.0.2/bin/glnxa64/libmwfoundation_threadpool.so+00148276
[  7] 0x00007fa534ff3308 /home/kes20012/.MathWorks/ServiceHost/-mw_shared_installs/v2024.9.0.2/bin/glnxa64/libmwfoundation_threadpool.so+00168712
[  8] 0x00007fa534ff3744 /home/kes20012/.MathWorks/ServiceHost/-mw_shared_installs/v2024.9.0.2/bin/glnxa64/libmwfoundation_threadpool.so+00169796
[  9] 0x00007fa535b958c3 /home/kes20012/.MathWorks/ServiceHost/-mw_shared_installs/v2024.9.0.2/bin/glnxa64/../../sys/os/glnxa64/libstdc++.so.6+00903363
[ 10] 0x00007fa535ce61ca                             /lib64/libpthread.so.0+00033226
[ 11] 0x00007fa5356fa8d3                                   /lib64/libc.so.6+00235731 clone+00000067


** This crash report has been written to /home/kes20012/.MathWorks/ServiceHost/cn493/logs/MathWorksServiceHost_crash_3034464.log **
